2018-12-24 22:09:29,871 : 数据开始清除，请稍等...
2018-12-24 22:09:30,873 : 数据清除完成，请开始操作!
2018-12-24 22:09:33,435 : 债券买入已成，资产变化计算开始-->>:
2018-12-24 22:09:33,436 : 现金资产=期初现金余额-成交数量*（成交价格+对应债券的百元应收利息）
2018-12-24 22:09:33,437 : 债券资产=期初资产+成交价格*成交数量
2018-12-24 22:09:33,438 : 应收=期初应收+当前持仓数量*百元债券利息
2018-12-24 22:09:33,439 : 应付=应付科目余额的合计
2018-12-24 22:09:33,440 : 总资产=当前资金余额+应收+债券资产
2018-12-24 22:09:33,440 : 净值=当前现金余额 - 应付 + 应收  + 债券资产 
2018-12-24 22:09:33,441 : 产品份额=即产品成立时的份额，开放期会有申购或者赎回
2018-12-24 22:09:33,442 : 单位净值=净值/产品份额
2018-12-24 22:09:33,443 : 债券买入已成，资产变化计算结束--<<
2018-12-24 22:09:33,512 : 债券买入已成，资金变化计算开始-->>:
2018-12-24 22:09:33,512 : 当前现金余额=期初当前现金余额-成交数量*（成交价格+对应债券的百元应收利息）
2018-12-24 22:09:33,513 : T+0可用金额= 当前金额-冻结金额+解冻金额+Min{T+1变化,0}
2018-12-24 22:09:33,513 : T+1可用金额=当前金额-冻结金额+解冻金额-T+1变化
2018-12-24 22:09:33,514 : 冻结金额=债券买入成功后冻结取消
2018-12-24 22:09:33,514 : 解冻金额=成交数量*（成交价格+对应债券的百元应收利息）
2018-12-24 22:09:33,515 : 债券买入已成，资金变化计算结束--<<
2018-12-24 22:09:33,515 : 债券买入已成，证券变化计算开始-->>:
2018-12-24 22:09:33,516 : 当前持仓数量=期初持仓数量+成交数量
2018-12-24 22:09:33,516 : 可以数量=当前数量-冻结数量+解冻数量+min{T+1变化,0}
2018-12-24 22:09:33,516 : 冻结/解冻数量=债券买卖属于T+0交易，当天买入的债券当天可以卖出。不存在冻结和解冻数量，即冻结和解冻都为0
2018-12-24 22:09:33,517 : 成本价=成本/（当前数量+卖出数量）
2018-12-24 22:09:33,517 : 成本 =当前数量 *　成本价
2018-12-24 22:09:33,518 : 债券买入已成，资金变化计算结束--<<.
2018-12-27 22:44:23,896 : 股票买入已报，资产、资金、持仓计算开始：
2018-12-27 22:44:23,925 : 股票买入已报，资产不变。
2018-12-27 22:44:23,925 : 股票买入已报交易费=委托数量*委托价格*委托费率
2018-12-27 22:44:25,042 : 开始清除数据，请稍等...
2018-12-27 22:44:25,043 : 清楚数据完成,请开始操作。
2018-12-27 22:44:26,298 : 买入已报，资产不变
2018-12-27 22:44:26,364 : 买入已报，资产不变
2018-12-27 22:44:26,364 : 买入已报，资产不变
2018-12-27 22:44:26,365 : 买入已报，资产不变
2018-12-27 22:44:26,365 : 买入已报，资产不变
2018-12-27 22:44:26,366 : 买入已报，资产不变
2018-12-27 22:44:26,366 : 买入已报，资产不变
2018-12-27 22:44:26,367 : 买入已报，资产不变
2018-12-27 22:44:26,367 : 买入已报，资金不变
2018-12-27 22:44:26,368 : 买入已报，持仓不变
2018-12-27 22:48:22,727 : 提交质押已成持仓变化:
2018-12-27 22:48:23,709 : 开始清除数据，请稍等...
2018-12-27 22:48:23,710 : 数据已重置，请开始操作
2018-12-27 22:51:20,799 : 债券买入已报，资产变化计算开始-->>:
2018-12-27 22:51:20,800 : 债券买入已报，资产不变。
2018-12-27 22:51:20,801 : 债券买入已报，资产变化计算结束--<<.
2018-12-27 22:51:20,802 : 债券买入已报，资金变化计算开始-->>:
2018-12-27 22:51:20,802 : 现金余额=期初现金余额+当天业务处理资金变化部分＋手工调整部分
2018-12-27 22:51:20,802 : T+0可用金额= 当前金额-冻结金额+解冻金额+Min{T+1变化,0}
2018-12-27 22:51:20,870 : T+1可用金额=当前金额-冻结金额+解冻金额-T+1变化
2018-12-27 22:51:20,870 : 冻结金额=债券买入成功后实际需要减少的金额，因为未成交，故无冻结
2018-12-27 22:51:20,871 : 解冻金额=债券卖出成功后实际需要增加的金额
2018-12-27 22:51:20,871 : 债券买入已报，资金变化计算结束--<<.
2018-12-27 22:51:20,871 : 债券买入已报，证券变化计算开始-->>.
2018-12-27 22:51:20,872 : 债券买入已报，证券不变化.
2018-12-27 22:51:20,872 : 债券买入已报，证券变化计算结束--<<.
2018-12-27 22:51:23,199 : 数据开始清除，请稍等...
2018-12-27 22:51:24,201 : 数据清除完成，请开始操作!
2018-12-27 22:51:41,254 : 债券买入已报，资产变化计算开始-->>:
2018-12-27 22:51:41,255 : 债券买入已报，资产不变。
2018-12-27 22:51:41,255 : 债券买入已报，资产变化计算结束--<<.
2018-12-27 22:51:41,256 : 债券买入已报，资金变化计算开始-->>:
2018-12-27 22:51:41,256 : 现金余额=期初现金余额+当天业务处理资金变化部分＋手工调整部分
2018-12-27 22:51:41,257 : T+0可用金额= 当前金额-冻结金额+解冻金额+Min{T+1变化,0}
2018-12-27 22:51:41,257 : T+1可用金额=当前金额-冻结金额+解冻金额-T+1变化
2018-12-27 22:51:41,257 : 冻结金额=债券买入成功后实际需要减少的金额，因为未成交，故无冻结
2018-12-27 22:51:41,258 : 解冻金额=债券卖出成功后实际需要增加的金额
2018-12-27 22:51:41,259 : 债券买入已报，资金变化计算结束--<<.
2018-12-27 22:51:41,259 : 债券买入已报，证券变化计算开始-->>.
2018-12-27 22:51:41,260 : 债券买入已报，证券不变化.
2018-12-27 22:51:41,260 : 债券买入已报，证券变化计算结束--<<.
